<?xml version="1.0" encoding="UTF-8"?>
<testsuite xmlns:xsi="http://www.w3.org/2001/XMLSchema-instance" xsi:noNamespaceSchemaLocation="https://maven.apache.org/surefire/maven-surefire-plugin/xsd/surefire-test-report-3.0.xsd" version="3.0" name="com.mitkov.weatherapp.WeatherApp.WeatherAppApplicationTests" time="9.631" tests="1" errors="0" skipped="0" failures="0">
  <properties>
    <property name="java.specification.version" value="19"/>
    <property name="sun.cpu.isalist" value="amd64"/>
    <property name="sun.jnu.encoding" value="Cp1251"/>
    <property name="java.class.path" value="D:\WeatherAppMVP\WeatherApp\target\test-classes;D:\WeatherAppMVP\WeatherApp\target\classes;D:\WeatherAppMVP\WeatherAppCommon\target\WeatherAppCommon-0.0.1-SNAPSHOT.jar;C:\Users\Maxim\.m2\repository\org\springframework\boot\spring-boot-starter-data-jpa\3.3.5\spring-boot-starter-data-jpa-3.3.5.jar;C:\Users\Maxim\.m2\repository\org\springframework\boot\spring-boot-starter-aop\3.3.5\spring-boot-starter-aop-3.3.5.jar;C:\Users\Maxim\.m2\repository\org\aspectj\aspectjweaver\1.9.22.1\aspectjweaver-1.9.22.1.jar;C:\Users\Maxim\.m2\repository\org\springframework\boot\spring-boot-starter-jdbc\3.3.5\spring-boot-starter-jdbc-3.3.5.jar;C:\Users\Maxim\.m2\repository\com\zaxxer\HikariCP\5.1.0\HikariCP-5.1.0.jar;C:\Users\Maxim\.m2\repository\org\springframework\spring-jdbc\6.1.14\spring-jdbc-6.1.14.jar;C:\Users\Maxim\.m2\repository\org\hibernate\orm\hibernate-core\6.5.3.Final\hibernate-core-6.5.3.Final.jar;C:\Users\Maxim\.m2\repository\jakarta\persistence\jakarta.persistence-api\3.1.0\jakarta.persistence-api-3.1.0.jar;C:\Users\Maxim\.m2\repository\jakarta\transaction\jakarta.transaction-api\2.0.1\jakarta.transaction-api-2.0.1.jar;C:\Users\Maxim\.m2\repository\org\jboss\logging\jboss-logging\3.5.3.Final\jboss-logging-3.5.3.Final.jar;C:\Users\Maxim\.m2\repository\org\hibernate\common\hibernate-commons-annotations\6.0.6.Final\hibernate-commons-annotations-6.0.6.Final.jar;C:\Users\Maxim\.m2\repository\io\smallrye\jandex\3.1.2\jandex-3.1.2.jar;C:\Users\Maxim\.m2\repository\com\fasterxml\classmate\1.7.0\classmate-1.7.0.jar;C:\Users\Maxim\.m2\repository\net\bytebuddy\byte-buddy\1.14.19\byte-buddy-1.14.19.jar;C:\Users\Maxim\.m2\repository\org\glassfish\jaxb\jaxb-runtime\4.0.5\jaxb-runtime-4.0.5.jar;C:\Users\Maxim\.m2\repository\org\glassfish\jaxb\jaxb-core\4.0.5\jaxb-core-4.0.5.jar;C:\Users\Maxim\.m2\repository\org\eclipse\angus\angus-activation\2.0.2\angus-activation-2.0.2.jar;C:\Users\Maxim\.m2\repository\org\glassfish\jaxb\txw2\4.0.5\txw2-4.0.5.jar;C:\Users\Maxim\.m2\repository\com\sun\istack\istack-commons-runtime\4.1.2\istack-commons-runtime-4.1.2.jar;C:\Users\Maxim\.m2\repository\jakarta\inject\jakarta.inject-api\2.0.1\jakarta.inject-api-2.0.1.jar;C:\Users\Maxim\.m2\repository\org\antlr\antlr4-runtime\4.13.0\antlr4-runtime-4.13.0.jar;C:\Users\Maxim\.m2\repository\org\springframework\data\spring-data-jpa\3.3.5\spring-data-jpa-3.3.5.jar;C:\Users\Maxim\.m2\repository\org\springframework\data\spring-data-commons\3.3.5\spring-data-commons-3.3.5.jar;C:\Users\Maxim\.m2\repository\org\springframework\spring-orm\6.1.14\spring-orm-6.1.14.jar;C:\Users\Maxim\.m2\repository\org\springframework\spring-beans\6.1.14\spring-beans-6.1.14.jar;C:\Users\Maxim\.m2\repository\jakarta\annotation\jakarta.annotation-api\2.1.1\jakarta.annotation-api-2.1.1.jar;C:\Users\Maxim\.m2\repository\org\slf4j\slf4j-api\2.0.16\slf4j-api-2.0.16.jar;C:\Users\Maxim\.m2\repository\org\springframework\spring-aspects\6.1.14\spring-aspects-6.1.14.jar;C:\Users\Maxim\.m2\repository\org\springframework\boot\spring-boot-starter-security\3.3.5\spring-boot-starter-security-3.3.5.jar;C:\Users\Maxim\.m2\repository\org\springframework\boot\spring-boot-starter\3.3.5\spring-boot-starter-3.3.5.jar;C:\Users\Maxim\.m2\repository\org\springframework\boot\spring-boot\3.3.5\spring-boot-3.3.5.jar;C:\Users\Maxim\.m2\repository\org\springframework\boot\spring-boot-autoconfigure\3.3.5\spring-boot-autoconfigure-3.3.5.jar;C:\Users\Maxim\.m2\repository\org\springframework\boot\spring-boot-starter-logging\3.3.5\spring-boot-starter-logging-3.3.5.jar;C:\Users\Maxim\.m2\repository\org\apache\logging\log4j\log4j-to-slf4j\2.23.1\log4j-to-slf4j-2.23.1.jar;C:\Users\Maxim\.m2\repository\org\apache\logging\log4j\log4j-api\2.23.1\log4j-api-2.23.1.jar;C:\Users\Maxim\.m2\repository\org\slf4j\jul-to-slf4j\2.0.16\jul-to-slf4j-2.0.16.jar;C:\Users\Maxim\.m2\repository\org\springframework\spring-aop\6.1.14\spring-aop-6.1.14.jar;C:\Users\Maxim\.m2\repository\org\springframework\security\spring-security-config\6.3.4\spring-security-config-6.3.4.jar;C:\Users\Maxim\.m2\repository\org\springframework\security\spring-security-core\6.3.4\spring-security-core-6.3.4.jar;C:\Users\Maxim\.m2\repository\org\springframework\security\spring-security-crypto\6.3.4\spring-security-crypto-6.3.4.jar;C:\Users\Maxim\.m2\repository\org\springframework\security\spring-security-web\6.3.4\spring-security-web-6.3.4.jar;C:\Users\Maxim\.m2\repository\org\springframework\spring-expression\6.1.14\spring-expression-6.1.14.jar;C:\Users\Maxim\.m2\repository\org\springframework\boot\spring-boot-starter-validation\3.3.5\spring-boot-starter-validation-3.3.5.jar;C:\Users\Maxim\.m2\repository\org\apache\tomcat\embed\tomcat-embed-el\10.1.31\tomcat-embed-el-10.1.31.jar;C:\Users\Maxim\.m2\repository\org\hibernate\validator\hibernate-validator\8.0.1.Final\hibernate-validator-8.0.1.Final.jar;C:\Users\Maxim\.m2\repository\jakarta\validation\jakarta.validation-api\3.0.2\jakarta.validation-api-3.0.2.jar;C:\Users\Maxim\.m2\repository\org\springframework\boot\spring-boot-starter-web\3.3.5\spring-boot-starter-web-3.3.5.jar;C:\Users\Maxim\.m2\repository\org\springframework\boot\spring-boot-starter-json\3.3.5\spring-boot-starter-json-3.3.5.jar;C:\Users\Maxim\.m2\repository\com\fasterxml\jackson\datatype\jackson-datatype-jdk8\2.17.2\jackson-datatype-jdk8-2.17.2.jar;C:\Users\Maxim\.m2\repository\com\fasterxml\jackson\datatype\jackson-datatype-jsr310\2.17.2\jackson-datatype-jsr310-2.17.2.jar;C:\Users\Maxim\.m2\repository\com\fasterxml\jackson\module\jackson-module-parameter-names\2.17.2\jackson-module-parameter-names-2.17.2.jar;C:\Users\Maxim\.m2\repository\org\springframework\boot\spring-boot-starter-tomcat\3.3.5\spring-boot-starter-tomcat-3.3.5.jar;C:\Users\Maxim\.m2\repository\org\apache\tomcat\embed\tomcat-embed-core\10.1.31\tomcat-embed-core-10.1.31.jar;C:\Users\Maxim\.m2\repository\org\apache\tomcat\embed\tomcat-embed-websocket\10.1.31\tomcat-embed-websocket-10.1.31.jar;C:\Users\Maxim\.m2\repository\org\springframework\spring-web\6.1.14\spring-web-6.1.14.jar;C:\Users\Maxim\.m2\repository\org\springframework\spring-webmvc\6.1.14\spring-webmvc-6.1.14.jar;C:\Users\Maxim\.m2\repository\org\postgresql\postgresql\42.7.4\postgresql-42.7.4.jar;C:\Users\Maxim\.m2\repository\org\checkerframework\checker-qual\3.42.0\checker-qual-3.42.0.jar;C:\Users\Maxim\.m2\repository\org\projectlombok\lombok\1.18.34\lombok-1.18.34.jar;C:\Users\Maxim\.m2\repository\org\springframework\boot\spring-boot-starter-test\3.3.5\spring-boot-starter-test-3.3.5.jar;C:\Users\Maxim\.m2\repository\org\springframework\boot\spring-boot-test\3.3.5\spring-boot-test-3.3.5.jar;C:\Users\Maxim\.m2\repository\org\springframework\boot\spring-boot-test-autoconfigure\3.3.5\spring-boot-test-autoconfigure-3.3.5.jar;C:\Users\Maxim\.m2\repository\com\jayway\jsonpath\json-path\2.9.0\json-path-2.9.0.jar;C:\Users\Maxim\.m2\repository\jakarta\xml\bind\jakarta.xml.bind-api\4.0.2\jakarta.xml.bind-api-4.0.2.jar;C:\Users\Maxim\.m2\repository\jakarta\activation\jakarta.activation-api\2.1.3\jakarta.activation-api-2.1.3.jar;C:\Users\Maxim\.m2\repository\net\minidev\json-smart\2.5.1\json-smart-2.5.1.jar;C:\Users\Maxim\.m2\repository\net\minidev\accessors-smart\2.5.1\accessors-smart-2.5.1.jar;C:\Users\Maxim\.m2\repository\org\ow2\asm\asm\9.6\asm-9.6.jar;C:\Users\Maxim\.m2\repository\org\assertj\assertj-core\3.25.3\assertj-core-3.25.3.jar;C:\Users\Maxim\.m2\repository\org\awaitility\awaitility\4.2.2\awaitility-4.2.2.jar;C:\Users\Maxim\.m2\repository\org\hamcrest\hamcrest\2.2\hamcrest-2.2.jar;C:\Users\Maxim\.m2\repository\org\junit\jupiter\junit-jupiter\5.10.5\junit-jupiter-5.10.5.jar;C:\Users\Maxim\.m2\repository\org\junit\jupiter\junit-jupiter-params\5.10.5\junit-jupiter-params-5.10.5.jar;C:\Users\Maxim\.m2\repository\org\junit\jupiter\junit-jupiter-engine\5.10.5\junit-jupiter-engine-5.10.5.jar;C:\Users\Maxim\.m2\repository\org\mockito\mockito-core\5.11.0\mockito-core-5.11.0.jar;C:\Users\Maxim\.m2\repository\net\bytebuddy\byte-buddy-agent\1.14.19\byte-buddy-agent-1.14.19.jar;C:\Users\Maxim\.m2\repository\org\objenesis\objenesis\3.3\objenesis-3.3.jar;C:\Users\Maxim\.m2\repository\org\mockito\mockito-junit-jupiter\5.11.0\mockito-junit-jupiter-5.11.0.jar;C:\Users\Maxim\.m2\repository\org\skyscreamer\jsonassert\1.5.3\jsonassert-1.5.3.jar;C:\Users\Maxim\.m2\repository\com\vaadin\external\google\android-json\0.0.20131108.vaadin1\android-json-0.0.20131108.vaadin1.jar;C:\Users\Maxim\.m2\repository\org\springframework\spring-core\6.1.14\spring-core-6.1.14.jar;C:\Users\Maxim\.m2\repository\org\springframework\spring-jcl\6.1.14\spring-jcl-6.1.14.jar;C:\Users\Maxim\.m2\repository\org\springframework\spring-test\6.1.14\spring-test-6.1.14.jar;C:\Users\Maxim\.m2\repository\org\xmlunit\xmlunit-core\2.9.1\xmlunit-core-2.9.1.jar;C:\Users\Maxim\.m2\repository\org\modelmapper\modelmapper\3.2.1\modelmapper-3.2.1.jar;C:\Users\Maxim\.m2\repository\org\liquibase\liquibase-core\4.30.0\liquibase-core-4.30.0.jar;C:\Users\Maxim\.m2\repository\com\opencsv\opencsv\5.9\opencsv-5.9.jar;C:\Users\Maxim\.m2\repository\org\yaml\snakeyaml\2.2\snakeyaml-2.2.jar;C:\Users\Maxim\.m2\repository\javax\xml\bind\jaxb-api\2.3.1\jaxb-api-2.3.1.jar;C:\Users\Maxim\.m2\repository\org\apache\commons\commons-collections4\4.4\commons-collections4-4.4.jar;C:\Users\Maxim\.m2\repository\org\apache\commons\commons-text\1.12.0\commons-text-1.12.0.jar;C:\Users\Maxim\.m2\repository\org\apache\commons\commons-lang3\3.14.0\commons-lang3-3.14.0.jar;C:\Users\Maxim\.m2\repository\commons-io\commons-io\2.17.0\commons-io-2.17.0.jar;C:\Users\Maxim\.m2\repository\com\auth0\java-jwt\4.4.0\java-jwt-4.4.0.jar;C:\Users\Maxim\.m2\repository\com\fasterxml\jackson\core\jackson-databind\2.17.2\jackson-databind-2.17.2.jar;C:\Users\Maxim\.m2\repository\com\fasterxml\jackson\core\jackson-annotations\2.17.2\jackson-annotations-2.17.2.jar;C:\Users\Maxim\.m2\repository\com\fasterxml\jackson\core\jackson-core\2.17.2\jackson-core-2.17.2.jar;C:\Users\Maxim\.m2\repository\org\springdoc\springdoc-openapi-starter-webmvc-ui\2.2.0\springdoc-openapi-starter-webmvc-ui-2.2.0.jar;C:\Users\Maxim\.m2\repository\org\springdoc\springdoc-openapi-starter-webmvc-api\2.2.0\springdoc-openapi-starter-webmvc-api-2.2.0.jar;C:\Users\Maxim\.m2\repository\org\springdoc\springdoc-openapi-starter-common\2.2.0\springdoc-openapi-starter-common-2.2.0.jar;C:\Users\Maxim\.m2\repository\io\swagger\core\v3\swagger-core-jakarta\2.2.15\swagger-core-jakarta-2.2.15.jar;C:\Users\Maxim\.m2\repository\io\swagger\core\v3\swagger-annotations-jakarta\2.2.15\swagger-annotations-jakarta-2.2.15.jar;C:\Users\Maxim\.m2\repository\io\swagger\core\v3\swagger-models-jakarta\2.2.15\swagger-models-jakarta-2.2.15.jar;C:\Users\Maxim\.m2\repository\com\fasterxml\jackson\dataformat\jackson-dataformat-yaml\2.17.2\jackson-dataformat-yaml-2.17.2.jar;C:\Users\Maxim\.m2\repository\org\webjars\swagger-ui\5.2.0\swagger-ui-5.2.0.jar;C:\Users\Maxim\.m2\repository\org\apache\commons\commons-csv\1.10.0\commons-csv-1.10.0.jar;C:\Users\Maxim\.m2\repository\org\springframework\kafka\spring-kafka\3.2.4\spring-kafka-3.2.4.jar;C:\Users\Maxim\.m2\repository\org\springframework\spring-context\6.1.14\spring-context-6.1.14.jar;C:\Users\Maxim\.m2\repository\org\springframework\spring-messaging\6.1.14\spring-messaging-6.1.14.jar;C:\Users\Maxim\.m2\repository\org\springframework\spring-tx\6.1.14\spring-tx-6.1.14.jar;C:\Users\Maxim\.m2\repository\org\springframework\retry\spring-retry\2.0.10\spring-retry-2.0.10.jar;C:\Users\Maxim\.m2\repository\org\apache\kafka\kafka-clients\3.7.1\kafka-clients-3.7.1.jar;C:\Users\Maxim\.m2\repository\com\github\luben\zstd-jni\1.5.6-3\zstd-jni-1.5.6-3.jar;C:\Users\Maxim\.m2\repository\org\lz4\lz4-java\1.8.0\lz4-java-1.8.0.jar;C:\Users\Maxim\.m2\repository\org\xerial\snappy\snappy-java\1.1.10.5\snappy-java-1.1.10.5.jar;C:\Users\Maxim\.m2\repository\io\micrometer\micrometer-observation\1.13.6\micrometer-observation-1.13.6.jar;C:\Users\Maxim\.m2\repository\io\micrometer\micrometer-commons\1.13.6\micrometer-commons-1.13.6.jar;C:\Users\Maxim\.m2\repository\org\springframework\kafka\spring-kafka-test\3.2.4\spring-kafka-test-3.2.4.jar;C:\Users\Maxim\.m2\repository\org\apache\zookeeper\zookeeper\3.8.4\zookeeper-3.8.4.jar;C:\Users\Maxim\.m2\repository\org\apache\zookeeper\zookeeper-jute\3.8.4\zookeeper-jute-3.8.4.jar;C:\Users\Maxim\.m2\repository\org\apache\yetus\audience-annotations\0.12.0\audience-annotations-0.12.0.jar;C:\Users\Maxim\.m2\repository\io\netty\netty-handler\4.1.114.Final\netty-handler-4.1.114.Final.jar;C:\Users\Maxim\.m2\repository\io\netty\netty-common\4.1.114.Final\netty-common-4.1.114.Final.jar;C:\Users\Maxim\.m2\repository\io\netty\netty-resolver\4.1.114.Final\netty-resolver-4.1.114.Final.jar;C:\Users\Maxim\.m2\repository\io\netty\netty-buffer\4.1.114.Final\netty-buffer-4.1.114.Final.jar;C:\Users\Maxim\.m2\repository\io\netty\netty-transport\4.1.114.Final\netty-transport-4.1.114.Final.jar;C:\Users\Maxim\.m2\repository\io\netty\netty-transport-native-unix-common\4.1.114.Final\netty-transport-native-unix-common-4.1.114.Final.jar;C:\Users\Maxim\.m2\repository\io\netty\netty-codec\4.1.114.Final\netty-codec-4.1.114.Final.jar;C:\Users\Maxim\.m2\repository\io\netty\netty-transport-native-epoll\4.1.114.Final\netty-transport-native-epoll-4.1.114.Final.jar;C:\Users\Maxim\.m2\repository\io\netty\netty-transport-classes-epoll\4.1.114.Final\netty-transport-classes-epoll-4.1.114.Final.jar;C:\Users\Maxim\.m2\repository\ch\qos\logback\logback-core\1.5.11\logback-core-1.5.11.jar;C:\Users\Maxim\.m2\repository\ch\qos\logback\logback-classic\1.5.11\logback-classic-1.5.11.jar;C:\Users\Maxim\.m2\repository\org\apache\kafka\kafka-clients\3.7.1\kafka-clients-3.7.1-test.jar;C:\Users\Maxim\.m2\repository\org\apache\kafka\kafka-metadata\3.7.1\kafka-metadata-3.7.1.jar;C:\Users\Maxim\.m2\repository\org\apache\kafka\kafka-raft\3.7.1\kafka-raft-3.7.1.jar;C:\Users\Maxim\.m2\repository\com\yammer\metrics\metrics-core\2.2.0\metrics-core-2.2.0.jar;C:\Users\Maxim\.m2\repository\org\apache\kafka\kafka-server-common\3.7.1\kafka-server-common-3.7.1.jar;C:\Users\Maxim\.m2\repository\net\sf\jopt-simple\jopt-simple\5.0.4\jopt-simple-5.0.4.jar;C:\Users\Maxim\.m2\repository\org\pcollections\pcollections\4.0.1\pcollections-4.0.1.jar;C:\Users\Maxim\.m2\repository\org\apache\kafka\kafka-server-common\3.7.1\kafka-server-common-3.7.1-test.jar;C:\Users\Maxim\.m2\repository\org\apache\kafka\kafka-streams-test-utils\3.7.1\kafka-streams-test-utils-3.7.1.jar;C:\Users\Maxim\.m2\repository\org\apache\kafka\kafka-streams\3.7.1\kafka-streams-3.7.1.jar;C:\Users\Maxim\.m2\repository\org\rocksdb\rocksdbjni\7.9.2\rocksdbjni-7.9.2.jar;C:\Users\Maxim\.m2\repository\org\apache\kafka\kafka_2.13\3.7.1\kafka_2.13-3.7.1.jar;C:\Users\Maxim\.m2\repository\org\scala-lang\scala-library\2.13.12\scala-library-2.13.12.jar;C:\Users\Maxim\.m2\repository\org\apache\kafka\kafka-group-coordinator\3.7.1\kafka-group-coordinator-3.7.1.jar;C:\Users\Maxim\.m2\repository\org\apache\kafka\kafka-storage-api\3.7.1\kafka-storage-api-3.7.1.jar;C:\Users\Maxim\.m2\repository\org\apache\kafka\kafka-tools-api\3.7.1\kafka-tools-api-3.7.1.jar;C:\Users\Maxim\.m2\repository\org\apache\kafka\kafka-storage\3.7.1\kafka-storage-3.7.1.jar;C:\Users\Maxim\.m2\repository\com\github\ben-manes\caffeine\caffeine\3.1.8\caffeine-3.1.8.jar;C:\Users\Maxim\.m2\repository\com\google\errorprone\error_prone_annotations\2.21.1\error_prone_annotations-2.21.1.jar;C:\Users\Maxim\.m2\repository\org\apache\kafka\kafka-server\3.7.1\kafka-server-3.7.1.jar;C:\Users\Maxim\.m2\repository\net\sourceforge\argparse4j\argparse4j\0.7.0\argparse4j-0.7.0.jar;C:\Users\Maxim\.m2\repository\commons-validator\commons-validator\1.7\commons-validator-1.7.jar;C:\Users\Maxim\.m2\repository\commons-beanutils\commons-beanutils\1.9.4\commons-beanutils-1.9.4.jar;C:\Users\Maxim\.m2\repository\commons-digester\commons-digester\2.1\commons-digester-2.1.jar;C:\Users\Maxim\.m2\repository\commons-collections\commons-collections\3.2.2\commons-collections-3.2.2.jar;C:\Users\Maxim\.m2\repository\com\fasterxml\jackson\module\jackson-module-scala_2.13\2.17.2\jackson-module-scala_2.13-2.17.2.jar;C:\Users\Maxim\.m2\repository\com\thoughtworks\paranamer\paranamer\2.8\paranamer-2.8.jar;C:\Users\Maxim\.m2\repository\com\fasterxml\jackson\dataformat\jackson-dataformat-csv\2.17.2\jackson-dataformat-csv-2.17.2.jar;C:\Users\Maxim\.m2\repository\org\bitbucket\b_c\jose4j\0.9.4\jose4j-0.9.4.jar;C:\Users\Maxim\.m2\repository\org\scala-lang\modules\scala-collection-compat_2.13\2.10.0\scala-collection-compat_2.13-2.10.0.jar;C:\Users\Maxim\.m2\repository\org\scala-lang\modules\scala-java8-compat_2.13\1.0.2\scala-java8-compat_2.13-1.0.2.jar;C:\Users\Maxim\.m2\repository\org\scala-lang\scala-reflect\2.13.12\scala-reflect-2.13.12.jar;C:\Users\Maxim\.m2\repository\com\typesafe\scala-logging\scala-logging_2.13\3.9.4\scala-logging_2.13-3.9.4.jar;C:\Users\Maxim\.m2\repository\io\dropwizard\metrics\metrics-core\4.1.12.1\metrics-core-4.1.12.1.jar;C:\Users\Maxim\.m2\repository\commons-cli\commons-cli\1.4\commons-cli-1.4.jar;C:\Users\Maxim\.m2\repository\org\apache\kafka\kafka_2.13\3.7.1\kafka_2.13-3.7.1-test.jar;C:\Users\Maxim\.m2\repository\org\junit\jupiter\junit-jupiter-api\5.10.5\junit-jupiter-api-5.10.5.jar;C:\Users\Maxim\.m2\repository\org\opentest4j\opentest4j\1.3.0\opentest4j-1.3.0.jar;C:\Users\Maxim\.m2\repository\org\junit\platform\junit-platform-commons\1.10.5\junit-platform-commons-1.10.5.jar;C:\Users\Maxim\.m2\repository\org\apiguardian\apiguardian-api\1.1.2\apiguardian-api-1.1.2.jar;C:\Users\Maxim\.m2\repository\org\junit\platform\junit-platform-launcher\1.10.5\junit-platform-launcher-1.10.5.jar;C:\Users\Maxim\.m2\repository\org\junit\platform\junit-platform-engine\1.10.5\junit-platform-engine-1.10.5.jar;"/>
    <property name="java.vm.vendor" value="Oracle Corporation"/>
    <property name="sun.arch.data.model" value="64"/>
    <property name="user.variant" value=""/>
    <property name="java.vendor.url" value="https://java.oracle.com/"/>
    <property name="user.timezone" value="Europe/Kiev"/>
    <property name="org.jboss.logging.provider" value="slf4j"/>
    <property name="user.country.format" value="UA"/>
    <property name="os.name" value="Windows 10"/>
    <property name="java.vm.specification.version" value="19"/>
    <property name="sun.java.launcher" value="SUN_STANDARD"/>
    <property name="user.country" value="RU"/>
    <property name="sun.boot.library.path" value="C:\Program Files\Java\jdk-19\bin"/>
    <property name="sun.java.command" value="C:\Users\Maxim\AppData\Local\Temp\surefire4709558565686386617\surefirebooter-20241222083211982_3.jar C:\Users\Maxim\AppData\Local\Temp\surefire4709558565686386617 2024-12-22T08-32-11_879-jvmRun1 surefire-20241222083211982_1tmp surefire_0-20241222083211982_2tmp"/>
    <property name="jdk.debug" value="release"/>
    <property name="surefire.test.class.path" value="D:\WeatherAppMVP\WeatherApp\target\test-classes;D:\WeatherAppMVP\WeatherApp\target\classes;D:\WeatherAppMVP\WeatherAppCommon\target\WeatherAppCommon-0.0.1-SNAPSHOT.jar;C:\Users\Maxim\.m2\repository\org\springframework\boot\spring-boot-starter-data-jpa\3.3.5\spring-boot-starter-data-jpa-3.3.5.jar;C:\Users\Maxim\.m2\repository\org\springframework\boot\spring-boot-starter-aop\3.3.5\spring-boot-starter-aop-3.3.5.jar;C:\Users\Maxim\.m2\repository\org\aspectj\aspectjweaver\1.9.22.1\aspectjweaver-1.9.22.1.jar;C:\Users\Maxim\.m2\repository\org\springframework\boot\spring-boot-starter-jdbc\3.3.5\spring-boot-starter-jdbc-3.3.5.jar;C:\Users\Maxim\.m2\repository\com\zaxxer\HikariCP\5.1.0\HikariCP-5.1.0.jar;C:\Users\Maxim\.m2\repository\org\springframework\spring-jdbc\6.1.14\spring-jdbc-6.1.14.jar;C:\Users\Maxim\.m2\repository\org\hibernate\orm\hibernate-core\6.5.3.Final\hibernate-core-6.5.3.Final.jar;C:\Users\Maxim\.m2\repository\jakarta\persistence\jakarta.persistence-api\3.1.0\jakarta.persistence-api-3.1.0.jar;C:\Users\Maxim\.m2\repository\jakarta\transaction\jakarta.transaction-api\2.0.1\jakarta.transaction-api-2.0.1.jar;C:\Users\Maxim\.m2\repository\org\jboss\logging\jboss-logging\3.5.3.Final\jboss-logging-3.5.3.Final.jar;C:\Users\Maxim\.m2\repository\org\hibernate\common\hibernate-commons-annotations\6.0.6.Final\hibernate-commons-annotations-6.0.6.Final.jar;C:\Users\Maxim\.m2\repository\io\smallrye\jandex\3.1.2\jandex-3.1.2.jar;C:\Users\Maxim\.m2\repository\com\fasterxml\classmate\1.7.0\classmate-1.7.0.jar;C:\Users\Maxim\.m2\repository\net\bytebuddy\byte-buddy\1.14.19\byte-buddy-1.14.19.jar;C:\Users\Maxim\.m2\repository\org\glassfish\jaxb\jaxb-runtime\4.0.5\jaxb-runtime-4.0.5.jar;C:\Users\Maxim\.m2\repository\org\glassfish\jaxb\jaxb-core\4.0.5\jaxb-core-4.0.5.jar;C:\Users\Maxim\.m2\repository\org\eclipse\angus\angus-activation\2.0.2\angus-activation-2.0.2.jar;C:\Users\Maxim\.m2\repository\org\glassfish\jaxb\txw2\4.0.5\txw2-4.0.5.jar;C:\Users\Maxim\.m2\repository\com\sun\istack\istack-commons-runtime\4.1.2\istack-commons-runtime-4.1.2.jar;C:\Users\Maxim\.m2\repository\jakarta\inject\jakarta.inject-api\2.0.1\jakarta.inject-api-2.0.1.jar;C:\Users\Maxim\.m2\repository\org\antlr\antlr4-runtime\4.13.0\antlr4-runtime-4.13.0.jar;C:\Users\Maxim\.m2\repository\org\springframework\data\spring-data-jpa\3.3.5\spring-data-jpa-3.3.5.jar;C:\Users\Maxim\.m2\repository\org\springframework\data\spring-data-commons\3.3.5\spring-data-commons-3.3.5.jar;C:\Users\Maxim\.m2\repository\org\springframework\spring-orm\6.1.14\spring-orm-6.1.14.jar;C:\Users\Maxim\.m2\repository\org\springframework\spring-beans\6.1.14\spring-beans-6.1.14.jar;C:\Users\Maxim\.m2\repository\jakarta\annotation\jakarta.annotation-api\2.1.1\jakarta.annotation-api-2.1.1.jar;C:\Users\Maxim\.m2\repository\org\slf4j\slf4j-api\2.0.16\slf4j-api-2.0.16.jar;C:\Users\Maxim\.m2\repository\org\springframework\spring-aspects\6.1.14\spring-aspects-6.1.14.jar;C:\Users\Maxim\.m2\repository\org\springframework\boot\spring-boot-starter-security\3.3.5\spring-boot-starter-security-3.3.5.jar;C:\Users\Maxim\.m2\repository\org\springframework\boot\spring-boot-starter\3.3.5\spring-boot-starter-3.3.5.jar;C:\Users\Maxim\.m2\repository\org\springframework\boot\spring-boot\3.3.5\spring-boot-3.3.5.jar;C:\Users\Maxim\.m2\repository\org\springframework\boot\spring-boot-autoconfigure\3.3.5\spring-boot-autoconfigure-3.3.5.jar;C:\Users\Maxim\.m2\repository\org\springframework\boot\spring-boot-starter-logging\3.3.5\spring-boot-starter-logging-3.3.5.jar;C:\Users\Maxim\.m2\repository\org\apache\logging\log4j\log4j-to-slf4j\2.23.1\log4j-to-slf4j-2.23.1.jar;C:\Users\Maxim\.m2\repository\org\apache\logging\log4j\log4j-api\2.23.1\log4j-api-2.23.1.jar;C:\Users\Maxim\.m2\repository\org\slf4j\jul-to-slf4j\2.0.16\jul-to-slf4j-2.0.16.jar;C:\Users\Maxim\.m2\repository\org\springframework\spring-aop\6.1.14\spring-aop-6.1.14.jar;C:\Users\Maxim\.m2\repository\org\springframework\security\spring-security-config\6.3.4\spring-security-config-6.3.4.jar;C:\Users\Maxim\.m2\repository\org\springframework\security\spring-security-core\6.3.4\spring-security-core-6.3.4.jar;C:\Users\Maxim\.m2\repository\org\springframework\security\spring-security-crypto\6.3.4\spring-security-crypto-6.3.4.jar;C:\Users\Maxim\.m2\repository\org\springframework\security\spring-security-web\6.3.4\spring-security-web-6.3.4.jar;C:\Users\Maxim\.m2\repository\org\springframework\spring-expression\6.1.14\spring-expression-6.1.14.jar;C:\Users\Maxim\.m2\repository\org\springframework\boot\spring-boot-starter-validation\3.3.5\spring-boot-starter-validation-3.3.5.jar;C:\Users\Maxim\.m2\repository\org\apache\tomcat\embed\tomcat-embed-el\10.1.31\tomcat-embed-el-10.1.31.jar;C:\Users\Maxim\.m2\repository\org\hibernate\validator\hibernate-validator\8.0.1.Final\hibernate-validator-8.0.1.Final.jar;C:\Users\Maxim\.m2\repository\jakarta\validation\jakarta.validation-api\3.0.2\jakarta.validation-api-3.0.2.jar;C:\Users\Maxim\.m2\repository\org\springframework\boot\spring-boot-starter-web\3.3.5\spring-boot-starter-web-3.3.5.jar;C:\Users\Maxim\.m2\repository\org\springframework\boot\spring-boot-starter-json\3.3.5\spring-boot-starter-json-3.3.5.jar;C:\Users\Maxim\.m2\repository\com\fasterxml\jackson\datatype\jackson-datatype-jdk8\2.17.2\jackson-datatype-jdk8-2.17.2.jar;C:\Users\Maxim\.m2\repository\com\fasterxml\jackson\datatype\jackson-datatype-jsr310\2.17.2\jackson-datatype-jsr310-2.17.2.jar;C:\Users\Maxim\.m2\repository\com\fasterxml\jackson\module\jackson-module-parameter-names\2.17.2\jackson-module-parameter-names-2.17.2.jar;C:\Users\Maxim\.m2\repository\org\springframework\boot\spring-boot-starter-tomcat\3.3.5\spring-boot-starter-tomcat-3.3.5.jar;C:\Users\Maxim\.m2\repository\org\apache\tomcat\embed\tomcat-embed-core\10.1.31\tomcat-embed-core-10.1.31.jar;C:\Users\Maxim\.m2\repository\org\apache\tomcat\embed\tomcat-embed-websocket\10.1.31\tomcat-embed-websocket-10.1.31.jar;C:\Users\Maxim\.m2\repository\org\springframework\spring-web\6.1.14\spring-web-6.1.14.jar;C:\Users\Maxim\.m2\repository\org\springframework\spring-webmvc\6.1.14\spring-webmvc-6.1.14.jar;C:\Users\Maxim\.m2\repository\org\postgresql\postgresql\42.7.4\postgresql-42.7.4.jar;C:\Users\Maxim\.m2\repository\org\checkerframework\checker-qual\3.42.0\checker-qual-3.42.0.jar;C:\Users\Maxim\.m2\repository\org\projectlombok\lombok\1.18.34\lombok-1.18.34.jar;C:\Users\Maxim\.m2\repository\org\springframework\boot\spring-boot-starter-test\3.3.5\spring-boot-starter-test-3.3.5.jar;C:\Users\Maxim\.m2\repository\org\springframework\boot\spring-boot-test\3.3.5\spring-boot-test-3.3.5.jar;C:\Users\Maxim\.m2\repository\org\springframework\boot\spring-boot-test-autoconfigure\3.3.5\spring-boot-test-autoconfigure-3.3.5.jar;C:\Users\Maxim\.m2\repository\com\jayway\jsonpath\json-path\2.9.0\json-path-2.9.0.jar;C:\Users\Maxim\.m2\repository\jakarta\xml\bind\jakarta.xml.bind-api\4.0.2\jakarta.xml.bind-api-4.0.2.jar;C:\Users\Maxim\.m2\repository\jakarta\activation\jakarta.activation-api\2.1.3\jakarta.activation-api-2.1.3.jar;C:\Users\Maxim\.m2\repository\net\minidev\json-smart\2.5.1\json-smart-2.5.1.jar;C:\Users\Maxim\.m2\repository\net\minidev\accessors-smart\2.5.1\accessors-smart-2.5.1.jar;C:\Users\Maxim\.m2\repository\org\ow2\asm\asm\9.6\asm-9.6.jar;C:\Users\Maxim\.m2\repository\org\assertj\assertj-core\3.25.3\assertj-core-3.25.3.jar;C:\Users\Maxim\.m2\repository\org\awaitility\awaitility\4.2.2\awaitility-4.2.2.jar;C:\Users\Maxim\.m2\repository\org\hamcrest\hamcrest\2.2\hamcrest-2.2.jar;C:\Users\Maxim\.m2\repository\org\junit\jupiter\junit-jupiter\5.10.5\junit-jupiter-5.10.5.jar;C:\Users\Maxim\.m2\repository\org\junit\jupiter\junit-jupiter-params\5.10.5\junit-jupiter-params-5.10.5.jar;C:\Users\Maxim\.m2\repository\org\junit\jupiter\junit-jupiter-engine\5.10.5\junit-jupiter-engine-5.10.5.jar;C:\Users\Maxim\.m2\repository\org\mockito\mockito-core\5.11.0\mockito-core-5.11.0.jar;C:\Users\Maxim\.m2\repository\net\bytebuddy\byte-buddy-agent\1.14.19\byte-buddy-agent-1.14.19.jar;C:\Users\Maxim\.m2\repository\org\objenesis\objenesis\3.3\objenesis-3.3.jar;C:\Users\Maxim\.m2\repository\org\mockito\mockito-junit-jupiter\5.11.0\mockito-junit-jupiter-5.11.0.jar;C:\Users\Maxim\.m2\repository\org\skyscreamer\jsonassert\1.5.3\jsonassert-1.5.3.jar;C:\Users\Maxim\.m2\repository\com\vaadin\external\google\android-json\0.0.20131108.vaadin1\android-json-0.0.20131108.vaadin1.jar;C:\Users\Maxim\.m2\repository\org\springframework\spring-core\6.1.14\spring-core-6.1.14.jar;C:\Users\Maxim\.m2\repository\org\springframework\spring-jcl\6.1.14\spring-jcl-6.1.14.jar;C:\Users\Maxim\.m2\repository\org\springframework\spring-test\6.1.14\spring-test-6.1.14.jar;C:\Users\Maxim\.m2\repository\org\xmlunit\xmlunit-core\2.9.1\xmlunit-core-2.9.1.jar;C:\Users\Maxim\.m2\repository\org\modelmapper\modelmapper\3.2.1\modelmapper-3.2.1.jar;C:\Users\Maxim\.m2\repository\org\liquibase\liquibase-core\4.30.0\liquibase-core-4.30.0.jar;C:\Users\Maxim\.m2\repository\com\opencsv\opencsv\5.9\opencsv-5.9.jar;C:\Users\Maxim\.m2\repository\org\yaml\snakeyaml\2.2\snakeyaml-2.2.jar;C:\Users\Maxim\.m2\repository\javax\xml\bind\jaxb-api\2.3.1\jaxb-api-2.3.1.jar;C:\Users\Maxim\.m2\repository\org\apache\commons\commons-collections4\4.4\commons-collections4-4.4.jar;C:\Users\Maxim\.m2\repository\org\apache\commons\commons-text\1.12.0\commons-text-1.12.0.jar;C:\Users\Maxim\.m2\repository\org\apache\commons\commons-lang3\3.14.0\commons-lang3-3.14.0.jar;C:\Users\Maxim\.m2\repository\commons-io\commons-io\2.17.0\commons-io-2.17.0.jar;C:\Users\Maxim\.m2\repository\com\auth0\java-jwt\4.4.0\java-jwt-4.4.0.jar;C:\Users\Maxim\.m2\repository\com\fasterxml\jackson\core\jackson-databind\2.17.2\jackson-databind-2.17.2.jar;C:\Users\Maxim\.m2\repository\com\fasterxml\jackson\core\jackson-annotations\2.17.2\jackson-annotations-2.17.2.jar;C:\Users\Maxim\.m2\repository\com\fasterxml\jackson\core\jackson-core\2.17.2\jackson-core-2.17.2.jar;C:\Users\Maxim\.m2\repository\org\springdoc\springdoc-openapi-starter-webmvc-ui\2.2.0\springdoc-openapi-starter-webmvc-ui-2.2.0.jar;C:\Users\Maxim\.m2\repository\org\springdoc\springdoc-openapi-starter-webmvc-api\2.2.0\springdoc-openapi-starter-webmvc-api-2.2.0.jar;C:\Users\Maxim\.m2\repository\org\springdoc\springdoc-openapi-starter-common\2.2.0\springdoc-openapi-starter-common-2.2.0.jar;C:\Users\Maxim\.m2\repository\io\swagger\core\v3\swagger-core-jakarta\2.2.15\swagger-core-jakarta-2.2.15.jar;C:\Users\Maxim\.m2\repository\io\swagger\core\v3\swagger-annotations-jakarta\2.2.15\swagger-annotations-jakarta-2.2.15.jar;C:\Users\Maxim\.m2\repository\io\swagger\core\v3\swagger-models-jakarta\2.2.15\swagger-models-jakarta-2.2.15.jar;C:\Users\Maxim\.m2\repository\com\fasterxml\jackson\dataformat\jackson-dataformat-yaml\2.17.2\jackson-dataformat-yaml-2.17.2.jar;C:\Users\Maxim\.m2\repository\org\webjars\swagger-ui\5.2.0\swagger-ui-5.2.0.jar;C:\Users\Maxim\.m2\repository\org\apache\commons\commons-csv\1.10.0\commons-csv-1.10.0.jar;C:\Users\Maxim\.m2\repository\org\springframework\kafka\spring-kafka\3.2.4\spring-kafka-3.2.4.jar;C:\Users\Maxim\.m2\repository\org\springframework\spring-context\6.1.14\spring-context-6.1.14.jar;C:\Users\Maxim\.m2\repository\org\springframework\spring-messaging\6.1.14\spring-messaging-6.1.14.jar;C:\Users\Maxim\.m2\repository\org\springframework\spring-tx\6.1.14\spring-tx-6.1.14.jar;C:\Users\Maxim\.m2\repository\org\springframework\retry\spring-retry\2.0.10\spring-retry-2.0.10.jar;C:\Users\Maxim\.m2\repository\org\apache\kafka\kafka-clients\3.7.1\kafka-clients-3.7.1.jar;C:\Users\Maxim\.m2\repository\com\github\luben\zstd-jni\1.5.6-3\zstd-jni-1.5.6-3.jar;C:\Users\Maxim\.m2\repository\org\lz4\lz4-java\1.8.0\lz4-java-1.8.0.jar;C:\Users\Maxim\.m2\repository\org\xerial\snappy\snappy-java\1.1.10.5\snappy-java-1.1.10.5.jar;C:\Users\Maxim\.m2\repository\io\micrometer\micrometer-observation\1.13.6\micrometer-observation-1.13.6.jar;C:\Users\Maxim\.m2\repository\io\micrometer\micrometer-commons\1.13.6\micrometer-commons-1.13.6.jar;C:\Users\Maxim\.m2\repository\org\springframework\kafka\spring-kafka-test\3.2.4\spring-kafka-test-3.2.4.jar;C:\Users\Maxim\.m2\repository\org\apache\zookeeper\zookeeper\3.8.4\zookeeper-3.8.4.jar;C:\Users\Maxim\.m2\repository\org\apache\zookeeper\zookeeper-jute\3.8.4\zookeeper-jute-3.8.4.jar;C:\Users\Maxim\.m2\repository\org\apache\yetus\audience-annotations\0.12.0\audience-annotations-0.12.0.jar;C:\Users\Maxim\.m2\repository\io\netty\netty-handler\4.1.114.Final\netty-handler-4.1.114.Final.jar;C:\Users\Maxim\.m2\repository\io\netty\netty-common\4.1.114.Final\netty-common-4.1.114.Final.jar;C:\Users\Maxim\.m2\repository\io\netty\netty-resolver\4.1.114.Final\netty-resolver-4.1.114.Final.jar;C:\Users\Maxim\.m2\repository\io\netty\netty-buffer\4.1.114.Final\netty-buffer-4.1.114.Final.jar;C:\Users\Maxim\.m2\repository\io\netty\netty-transport\4.1.114.Final\netty-transport-4.1.114.Final.jar;C:\Users\Maxim\.m2\repository\io\netty\netty-transport-native-unix-common\4.1.114.Final\netty-transport-native-unix-common-4.1.114.Final.jar;C:\Users\Maxim\.m2\repository\io\netty\netty-codec\4.1.114.Final\netty-codec-4.1.114.Final.jar;C:\Users\Maxim\.m2\repository\io\netty\netty-transport-native-epoll\4.1.114.Final\netty-transport-native-epoll-4.1.114.Final.jar;C:\Users\Maxim\.m2\repository\io\netty\netty-transport-classes-epoll\4.1.114.Final\netty-transport-classes-epoll-4.1.114.Final.jar;C:\Users\Maxim\.m2\repository\ch\qos\logback\logback-core\1.5.11\logback-core-1.5.11.jar;C:\Users\Maxim\.m2\repository\ch\qos\logback\logback-classic\1.5.11\logback-classic-1.5.11.jar;C:\Users\Maxim\.m2\repository\org\apache\kafka\kafka-clients\3.7.1\kafka-clients-3.7.1-test.jar;C:\Users\Maxim\.m2\repository\org\apache\kafka\kafka-metadata\3.7.1\kafka-metadata-3.7.1.jar;C:\Users\Maxim\.m2\repository\org\apache\kafka\kafka-raft\3.7.1\kafka-raft-3.7.1.jar;C:\Users\Maxim\.m2\repository\com\yammer\metrics\metrics-core\2.2.0\metrics-core-2.2.0.jar;C:\Users\Maxim\.m2\repository\org\apache\kafka\kafka-server-common\3.7.1\kafka-server-common-3.7.1.jar;C:\Users\Maxim\.m2\repository\net\sf\jopt-simple\jopt-simple\5.0.4\jopt-simple-5.0.4.jar;C:\Users\Maxim\.m2\repository\org\pcollections\pcollections\4.0.1\pcollections-4.0.1.jar;C:\Users\Maxim\.m2\repository\org\apache\kafka\kafka-server-common\3.7.1\kafka-server-common-3.7.1-test.jar;C:\Users\Maxim\.m2\repository\org\apache\kafka\kafka-streams-test-utils\3.7.1\kafka-streams-test-utils-3.7.1.jar;C:\Users\Maxim\.m2\repository\org\apache\kafka\kafka-streams\3.7.1\kafka-streams-3.7.1.jar;C:\Users\Maxim\.m2\repository\org\rocksdb\rocksdbjni\7.9.2\rocksdbjni-7.9.2.jar;C:\Users\Maxim\.m2\repository\org\apache\kafka\kafka_2.13\3.7.1\kafka_2.13-3.7.1.jar;C:\Users\Maxim\.m2\repository\org\scala-lang\scala-library\2.13.12\scala-library-2.13.12.jar;C:\Users\Maxim\.m2\repository\org\apache\kafka\kafka-group-coordinator\3.7.1\kafka-group-coordinator-3.7.1.jar;C:\Users\Maxim\.m2\repository\org\apache\kafka\kafka-storage-api\3.7.1\kafka-storage-api-3.7.1.jar;C:\Users\Maxim\.m2\repository\org\apache\kafka\kafka-tools-api\3.7.1\kafka-tools-api-3.7.1.jar;C:\Users\Maxim\.m2\repository\org\apache\kafka\kafka-storage\3.7.1\kafka-storage-3.7.1.jar;C:\Users\Maxim\.m2\repository\com\github\ben-manes\caffeine\caffeine\3.1.8\caffeine-3.1.8.jar;C:\Users\Maxim\.m2\repository\com\google\errorprone\error_prone_annotations\2.21.1\error_prone_annotations-2.21.1.jar;C:\Users\Maxim\.m2\repository\org\apache\kafka\kafka-server\3.7.1\kafka-server-3.7.1.jar;C:\Users\Maxim\.m2\repository\net\sourceforge\argparse4j\argparse4j\0.7.0\argparse4j-0.7.0.jar;C:\Users\Maxim\.m2\repository\commons-validator\commons-validator\1.7\commons-validator-1.7.jar;C:\Users\Maxim\.m2\repository\commons-beanutils\commons-beanutils\1.9.4\commons-beanutils-1.9.4.jar;C:\Users\Maxim\.m2\repository\commons-digester\commons-digester\2.1\commons-digester-2.1.jar;C:\Users\Maxim\.m2\repository\commons-collections\commons-collections\3.2.2\commons-collections-3.2.2.jar;C:\Users\Maxim\.m2\repository\com\fasterxml\jackson\module\jackson-module-scala_2.13\2.17.2\jackson-module-scala_2.13-2.17.2.jar;C:\Users\Maxim\.m2\repository\com\thoughtworks\paranamer\paranamer\2.8\paranamer-2.8.jar;C:\Users\Maxim\.m2\repository\com\fasterxml\jackson\dataformat\jackson-dataformat-csv\2.17.2\jackson-dataformat-csv-2.17.2.jar;C:\Users\Maxim\.m2\repository\org\bitbucket\b_c\jose4j\0.9.4\jose4j-0.9.4.jar;C:\Users\Maxim\.m2\repository\org\scala-lang\modules\scala-collection-compat_2.13\2.10.0\scala-collection-compat_2.13-2.10.0.jar;C:\Users\Maxim\.m2\repository\org\scala-lang\modules\scala-java8-compat_2.13\1.0.2\scala-java8-compat_2.13-1.0.2.jar;C:\Users\Maxim\.m2\repository\org\scala-lang\scala-reflect\2.13.12\scala-reflect-2.13.12.jar;C:\Users\Maxim\.m2\repository\com\typesafe\scala-logging\scala-logging_2.13\3.9.4\scala-logging_2.13-3.9.4.jar;C:\Users\Maxim\.m2\repository\io\dropwizard\metrics\metrics-core\4.1.12.1\metrics-core-4.1.12.1.jar;C:\Users\Maxim\.m2\repository\commons-cli\commons-cli\1.4\commons-cli-1.4.jar;C:\Users\Maxim\.m2\repository\org\apache\kafka\kafka_2.13\3.7.1\kafka_2.13-3.7.1-test.jar;C:\Users\Maxim\.m2\repository\org\junit\jupiter\junit-jupiter-api\5.10.5\junit-jupiter-api-5.10.5.jar;C:\Users\Maxim\.m2\repository\org\opentest4j\opentest4j\1.3.0\opentest4j-1.3.0.jar;C:\Users\Maxim\.m2\repository\org\junit\platform\junit-platform-commons\1.10.5\junit-platform-commons-1.10.5.jar;C:\Users\Maxim\.m2\repository\org\apiguardian\apiguardian-api\1.1.2\apiguardian-api-1.1.2.jar;C:\Users\Maxim\.m2\repository\org\junit\platform\junit-platform-launcher\1.10.5\junit-platform-launcher-1.10.5.jar;C:\Users\Maxim\.m2\repository\org\junit\platform\junit-platform-engine\1.10.5\junit-platform-engine-1.10.5.jar;"/>
    <property name="sun.cpu.endian" value="little"/>
    <property name="user.home" value="C:\Users\Maxim"/>
    <property name="user.language" value="ru"/>
    <property name="java.specification.vendor" value="Oracle Corporation"/>
    <property name="java.version.date" value="2023-01-17"/>
    <property name="java.home" value="C:\Program Files\Java\jdk-19"/>
    <property name="file.separator" value="\"/>
    <property name="basedir" value="D:\WeatherAppMVP\WeatherApp"/>
    <property name="java.vm.compressedOopsMode" value="Zero based"/>
    <property name="line.separator" value="&#10;"/>
    <property name="java.vm.specification.vendor" value="Oracle Corporation"/>
    <property name="java.specification.name" value="Java Platform API Specification"/>
    <property name="FILE_LOG_CHARSET" value="UTF-8"/>
    <property name="java.awt.headless" value="true"/>
    <property name="surefire.real.class.path" value="C:\Users\Maxim\AppData\Local\Temp\surefire4709558565686386617\surefirebooter-20241222083211982_3.jar"/>
    <property name="user.script" value=""/>
    <property name="sun.management.compiler" value="HotSpot 64-Bit Tiered Compilers"/>
    <property name="java.runtime.version" value="19.0.2+7-44"/>
    <property name="user.name" value="Maxim"/>
    <property name="stdout.encoding" value="Cp1251"/>
    <property name="path.separator" value=";"/>
    <property name="os.version" value="10.0"/>
    <property name="java.runtime.name" value="Java(TM) SE Runtime Environment"/>
    <property name="file.encoding" value="UTF-8"/>
    <property name="java.vm.name" value="Java HotSpot(TM) 64-Bit Server VM"/>
    <property name="localRepository" value="C:\Users\Maxim\.m2\repository"/>
    <property name="java.vendor.url.bug" value="https://bugreport.java.com/bugreport/"/>
    <property name="java.io.tmpdir" value="C:\Users\Maxim\AppData\Local\Temp\"/>
    <property name="com.zaxxer.hikari.pool_number" value="1"/>
    <property name="java.version" value="19.0.2"/>
    <property name="user.dir" value="D:\WeatherAppMVP\WeatherApp"/>
    <property name="os.arch" value="amd64"/>
    <property name="java.vm.specification.name" value="Java Virtual Machine Specification"/>
    <property name="PID" value="13936"/>
    <property name="sun.os.patch.level" value=""/>
    <property name="CONSOLE_LOG_CHARSET" value="UTF-8"/>
    <property name="native.encoding" value="Cp1251"/>
    <property name="java.library.path" value="C:\Program Files\Java\jdk-19\bin;C:\WINDOWS\Sun\Java\bin;C:\WINDOWS\system32;C:\WINDOWS;C:\Program Files\Common Files\Oracle\Java\javapath;C:\ProgramData\Oracle\Java\javapath;C:\WINDOWS\system32;C:\WINDOWS;C:\WINDOWS\System32\Wbem;C:\WINDOWS\System32\WindowsPowerShell\v1.0\;C:\WINDOWS\System32\OpenSSH\;C:\Program Files (x86)\NVIDIA Corporation\PhysX\Common;C:\Program Files\Git\cmd;C:\Program Files\Microsoft SQL Server\150\Tools\Binn\;C:\Program Files\apache-maven-3.9.0\bin;;C:\Program Files\Docker\Docker\resources\bin;C:\Program Files\nodejs\;C:\Users\Maxim\AppData\Local\Programs\Python\Python311\Scripts\;C:\Users\Maxim\AppData\Local\Programs\Python\Python311\;C:\Program Files\MySQL\MySQL Shell 8.0\bin\;C:\Users\Maxim\AppData\Local\Microsoft\WindowsApps;;C:\Program Files\JetBrains\IntelliJ IDEA 2023.3.2\bin;;C:\Users\Maxim\AppData\Local\Programs\Microsoft VS Code\bin;C:\Program Files\JetBrains\PyCharm Community Edition 2022.2.4\bin;;C:\Users\Maxim\AppData\Roaming\npm;."/>
    <property name="java.vm.info" value="mixed mode, sharing"/>
    <property name="stderr.encoding" value="Cp1251"/>
    <property name="java.vendor" value="Oracle Corporation"/>
    <property name="java.vm.version" value="19.0.2+7-44"/>
    <property name="sun.io.unicode.encoding" value="UnicodeLittle"/>
    <property name="java.class.version" value="63.0"/>
    <property name="LOGGED_APPLICATION_NAME" value="[WeatherAppCommon] "/>
  </properties>
  <testcase name="contextLoads" classname="com.mitkov.weatherapp.WeatherApp.WeatherAppApplicationTests" time="0.613">
    <system-out><![CDATA[08:32:12.890 [main] INFO org.springframework.test.context.support.AnnotationConfigContextLoaderUtils -- Could not detect default configuration classes for test class [com.mitkov.weatherapp.WeatherApp.WeatherAppApplicationTests]: WeatherAppApplicationTests does not declare any static, non-private, non-final, nested classes annotated with @Configuration.
08:32:13.010 [main] INFO org.springframework.boot.test.context.SpringBootTestContextBootstrapper -- Found @SpringBootConfiguration com.mitkov.weatherapp.WeatherApp.WeatherAppApplication for test class com.mitkov.weatherapp.WeatherApp.WeatherAppApplicationTests

  .   ____          _            __ _ _
 /\\ / ___'_ __ _ _(_)_ __  __ _ \ \ \ \
( ( )\___ | '_ | '_| | '_ \/ _` | \ \ \ \
 \\/  ___)| |_)| | | | | || (_| |  ) ) ) )
  '  |____| .__|_| |_|_| |_\__, | / / / /
 =========|_|==============|___/=/_/_/_/

 :: Spring Boot ::                (v3.3.5)

2024-12-22T08:32:13.526+02:00  INFO 13936 --- [WeatherAppCommon] [           main] c.m.w.W.WeatherAppApplicationTests       : Starting WeatherAppApplicationTests using Java 19.0.2 with PID 13936 (started by Maxim in D:\WeatherAppMVP\WeatherApp)
2024-12-22T08:32:13.529+02:00  INFO 13936 --- [WeatherAppCommon] [           main] c.m.w.W.WeatherAppApplicationTests       : No active profile set, falling back to 1 default profile: "default"
2024-12-22T08:32:14.660+02:00  INFO 13936 --- [WeatherAppCommon] [           main] .s.d.r.c.RepositoryConfigurationDelegate : Bootstrapping Spring Data JPA repositories in DEFAULT mode.
2024-12-22T08:32:14.738+02:00  INFO 13936 --- [WeatherAppCommon] [           main] .s.d.r.c.RepositoryConfigurationDelegate : Finished Spring Data repository scanning in 68 ms. Found 3 JPA repository interfaces.
2024-12-22T08:32:15.508+02:00  INFO 13936 --- [WeatherAppCommon] [           main] com.zaxxer.hikari.HikariDataSource       : HikariPool-1 - Starting...
2024-12-22T08:32:15.813+02:00  INFO 13936 --- [WeatherAppCommon] [           main] com.zaxxer.hikari.pool.HikariPool        : HikariPool-1 - Added connection org.postgresql.jdbc.PgConnection@da09250
2024-12-22T08:32:15.815+02:00  INFO 13936 --- [WeatherAppCommon] [           main] com.zaxxer.hikari.HikariDataSource       : HikariPool-1 - Start completed.
2024-12-22T08:32:16.068+02:00  INFO 13936 --- [WeatherAppCommon] [           main] liquibase.database                       : Set default schema name to public
2024-12-22T08:32:16.838+02:00  INFO 13936 --- [WeatherAppCommon] [           main] liquibase.changelog                      : Reading from public.databasechangelog
2024-12-22T08:32:16.900+02:00  INFO 13936 --- [WeatherAppCommon] [           main] liquibase.ui                             : Database is up to date, no changesets to execute
2024-12-22T08:32:16.902+02:00  INFO 13936 --- [WeatherAppCommon] [           main] liquibase.changelog                      : Reading from public.databasechangelog
2024-12-22T08:32:16.912+02:00  INFO 13936 --- [WeatherAppCommon] [           main] liquibase.util                           : UPDATE SUMMARY
2024-12-22T08:32:16.912+02:00  INFO 13936 --- [WeatherAppCommon] [           main] liquibase.util                           : Run:                          0
2024-12-22T08:32:16.913+02:00  INFO 13936 --- [WeatherAppCommon] [           main] liquibase.util                           : Previously run:               4
2024-12-22T08:32:16.913+02:00  INFO 13936 --- [WeatherAppCommon] [           main] liquibase.util                           : Filtered out:                 0
2024-12-22T08:32:16.913+02:00  INFO 13936 --- [WeatherAppCommon] [           main] liquibase.util                           : -------------------------------
2024-12-22T08:32:16.913+02:00  INFO 13936 --- [WeatherAppCommon] [           main] liquibase.util                           : Total change sets:            4
2024-12-22T08:32:16.914+02:00  INFO 13936 --- [WeatherAppCommon] [           main] liquibase.util                           : Update summary generated
2024-12-22T08:32:16.915+02:00  INFO 13936 --- [WeatherAppCommon] [           main] liquibase.command                        : Command execution complete
2024-12-22T08:32:17.581+02:00  INFO 13936 --- [WeatherAppCommon] [           main] o.hibernate.jpa.internal.util.LogHelper  : HHH000204: Processing PersistenceUnitInfo [name: default]
2024-12-22T08:32:17.677+02:00  INFO 13936 --- [WeatherAppCommon] [           main] org.hibernate.Version                    : HHH000412: Hibernate ORM core version 6.5.3.Final
2024-12-22T08:32:17.731+02:00  INFO 13936 --- [WeatherAppCommon] [           main] o.h.c.internal.RegionFactoryInitiator    : HHH000026: Second-level cache disabled
2024-12-22T08:32:18.143+02:00  INFO 13936 --- [WeatherAppCommon] [           main] o.s.o.j.p.SpringPersistenceUnitInfo      : No LoadTimeWeaver setup: ignoring JPA class transformer
2024-12-22T08:32:18.218+02:00  WARN 13936 --- [WeatherAppCommon] [           main] org.hibernate.orm.deprecation            : HHH90000025: PostgreSQLDialect does not need to be specified explicitly using 'hibernate.dialect' (remove the property setting and it will be selected by default)
2024-12-22T08:32:19.500+02:00  INFO 13936 --- [WeatherAppCommon] [           main] o.h.e.t.j.p.i.JtaPlatformInitiator       : HHH000489: No JTA platform available (set 'hibernate.transaction.jta.platform' to enable JTA platform integration)
2024-12-22T08:32:19.543+02:00  INFO 13936 --- [WeatherAppCommon] [           main] j.LocalContainerEntityManagerFactoryBean : Initialized JPA EntityManagerFactory for persistence unit 'default'
2024-12-22T08:32:20.258+02:00  WARN 13936 --- [WeatherAppCommon] [           main] JpaBaseConfiguration$JpaWebConfiguration : spring.jpa.open-in-view is enabled by default. Therefore, database queries may be performed during view rendering. Explicitly configure spring.jpa.open-in-view to disable this warning
2024-12-22T08:32:20.275+02:00  INFO 13936 --- [WeatherAppCommon] [           main] eAuthenticationProviderManagerConfigurer : Found 2 AuthenticationProvider beans, with names [sensorAuthenticationProvider, appUserAuthenticationProvider]. Global Authentication Manager will not be configured with AuthenticationProviders. Consider publishing a single AuthenticationProvider bean, or wiring your Providers directly using the DSL.
2024-12-22T08:32:20.276+02:00  WARN 13936 --- [WeatherAppCommon] [           main] r$InitializeUserDetailsManagerConfigurer : Found 2 UserDetailsService beans, with names [appUserDetailsService, sensorDetailsService]. Global Authentication Manager will not use a UserDetailsService for username/password login. Consider publishing a single UserDetailsService bean.
2024-12-22T08:32:21.233+02:00  INFO 13936 --- [WeatherAppCommon] [           main] o.a.k.clients.consumer.ConsumerConfig    : ConsumerConfig values: 
	allow.auto.create.topics = true
	auto.commit.interval.ms = 5000
	auto.include.jmx.reporter = true
	auto.offset.reset = latest
	bootstrap.servers = [localhost:9092, localhost:9094]
	check.crcs = true
	client.dns.lookup = use_all_dns_ips
	client.id = consumer-weather-sensor-group-1
	client.rack = 
	connections.max.idle.ms = 540000
	default.api.timeout.ms = 60000
	enable.auto.commit = false
	enable.metrics.push = true
	exclude.internal.topics = true
	fetch.max.bytes = 52428800
	fetch.max.wait.ms = 500
	fetch.min.bytes = 1
	group.id = weather-sensor-group
	group.instance.id = null
	group.protocol = classic
	group.remote.assignor = null
	heartbeat.interval.ms = 3000
	interceptor.classes = []
	internal.leave.group.on.close = true
	internal.throw.on.fetch.stable.offset.unsupported = false
	isolation.level = read_uncommitted
	key.deserializer = class org.apache.kafka.common.serialization.StringDeserializer
	max.partition.fetch.bytes = 1048576
	max.poll.interval.ms = 300000
	max.poll.records = 500
	metadata.max.age.ms = 300000
	metric.reporters = []
	metrics.num.samples = 2
	metrics.recording.level = INFO
	metrics.sample.window.ms = 30000
	partition.assignment.strategy = [class org.apache.kafka.clients.consumer.RangeAssignor, class org.apache.kafka.clients.consumer.CooperativeStickyAssignor]
	receive.buffer.bytes = 65536
	reconnect.backoff.max.ms = 1000
	reconnect.backoff.ms = 50
	request.timeout.ms = 30000
	retry.backoff.max.ms = 1000
	retry.backoff.ms = 100
	sasl.client.callback.handler.class = null
	sasl.jaas.config = null
	sasl.kerberos.kinit.cmd = /usr/bin/kinit
	sasl.kerberos.min.time.before.relogin = 60000
	sasl.kerberos.service.name = null
	sasl.kerberos.ticket.renew.jitter = 0.05
	sasl.kerberos.ticket.renew.window.factor = 0.8
	sasl.login.callback.handler.class = null
	sasl.login.class = null
	sasl.login.connect.timeout.ms = null
	sasl.login.read.timeout.ms = null
	sasl.login.refresh.buffer.seconds = 300
	sasl.login.refresh.min.period.seconds = 60
	sasl.login.refresh.window.factor = 0.8
	sasl.login.refresh.window.jitter = 0.05
	sasl.login.retry.backoff.max.ms = 10000
	sasl.login.retry.backoff.ms = 100
	sasl.mechanism = GSSAPI
	sasl.oauthbearer.clock.skew.seconds = 30
	sasl.oauthbearer.expected.audience = null
	sasl.oauthbearer.expected.issuer = null
	sasl.oauthbearer.jwks.endpoint.refresh.ms = 3600000
	sasl.oauthbearer.jwks.endpoint.retry.backoff.max.ms = 10000
	sasl.oauthbearer.jwks.endpoint.retry.backoff.ms = 100
	sasl.oauthbearer.jwks.endpoint.url = null
	sasl.oauthbearer.scope.claim.name = scope
	sasl.oauthbearer.sub.claim.name = sub
	sasl.oauthbearer.token.endpoint.url = null
	security.protocol = PLAINTEXT
	security.providers = null
	send.buffer.bytes = 131072
	session.timeout.ms = 45000
	socket.connection.setup.timeout.max.ms = 30000
	socket.connection.setup.timeout.ms = 10000
	ssl.cipher.suites = null
	ssl.enabled.protocols = [TLSv1.2, TLSv1.3]
	ssl.endpoint.identification.algorithm = https
	ssl.engine.factory.class = null
	ssl.key.password = null
	ssl.keymanager.algorithm = SunX509
	ssl.keystore.certificate.chain = null
	ssl.keystore.key = null
	ssl.keystore.location = null
	ssl.keystore.password = null
	ssl.keystore.type = JKS
	ssl.protocol = TLSv1.3
	ssl.provider = null
	ssl.secure.random.implementation = null
	ssl.trustmanager.algorithm = PKIX
	ssl.truststore.certificates = null
	ssl.truststore.location = null
	ssl.truststore.password = null
	ssl.truststore.type = JKS
	value.deserializer = class org.springframework.kafka.support.serializer.JsonDeserializer

2024-12-22T08:32:21.312+02:00  INFO 13936 --- [WeatherAppCommon] [           main] o.a.k.c.t.i.KafkaMetricsCollector        : initializing Kafka metrics collector
2024-12-22T08:32:21.508+02:00  INFO 13936 --- [WeatherAppCommon] [           main] o.a.kafka.common.utils.AppInfoParser     : Kafka version: 3.7.1
2024-12-22T08:32:21.508+02:00  INFO 13936 --- [WeatherAppCommon] [           main] o.a.kafka.common.utils.AppInfoParser     : Kafka commitId: e2494e6ffb89f828
2024-12-22T08:32:21.508+02:00  INFO 13936 --- [WeatherAppCommon] [           main] o.a.kafka.common.utils.AppInfoParser     : Kafka startTimeMs: 1734849141506
2024-12-22T08:32:21.513+02:00  INFO 13936 --- [WeatherAppCommon] [           main] o.a.k.c.c.internals.LegacyKafkaConsumer  : [Consumer clientId=consumer-weather-sensor-group-1, groupId=weather-sensor-group] Subscribed to topic(s): weather-sensor-measurements
2024-12-22T08:32:21.527+02:00  INFO 13936 --- [WeatherAppCommon] [           main] c.m.w.W.WeatherAppApplicationTests       : Started WeatherAppApplicationTests in 8.347 seconds (process running for 9.425)
2024-12-22T08:32:22.245+02:00  INFO 13936 --- [WeatherAppCommon] [ntainer#0-0-C-1] org.apache.kafka.clients.Metadata        : [Consumer clientId=consumer-weather-sensor-group-1, groupId=weather-sensor-group] Cluster ID: 7BbPKoE0QWeW6dqVKbRkQw
2024-12-22T08:32:22.246+02:00  INFO 13936 --- [WeatherAppCommon] [ntainer#0-0-C-1] o.a.k.c.c.internals.ConsumerCoordinator  : [Consumer clientId=consumer-weather-sensor-group-1, groupId=weather-sensor-group] Discovered group coordinator localhost:9092 (id: 2147483646 rack: null)
2024-12-22T08:32:22.249+02:00  INFO 13936 --- [WeatherAppCommon] [ntainer#0-0-C-1] o.a.k.c.c.internals.ConsumerCoordinator  : [Consumer clientId=consumer-weather-sensor-group-1, groupId=weather-sensor-group] (Re-)joining group
2024-12-22T08:32:22.309+02:00  INFO 13936 --- [WeatherAppCommon] [ntainer#0-0-C-1] o.a.k.c.c.internals.ConsumerCoordinator  : [Consumer clientId=consumer-weather-sensor-group-1, groupId=weather-sensor-group] Request joining group due to: need to re-join with the given member-id: consumer-weather-sensor-group-1-35254f7f-e3cf-4ce8-a696-396614c5128f
2024-12-22T08:32:22.310+02:00  INFO 13936 --- [WeatherAppCommon] [ntainer#0-0-C-1] o.a.k.c.c.internals.ConsumerCoordinator  : [Consumer clientId=consumer-weather-sensor-group-1, groupId=weather-sensor-group] (Re-)joining group
]]></system-out>
    <system-err><![CDATA[дек. 22, 2024 8:32:12 AM org.junit.platform.launcher.core.LauncherConfigurationParameters loadClasspathResource
WARNING: Discovered 2 'junit-platform.properties' configuration files in the classpath; only the first will be used.
дек. 22, 2024 8:32:12 AM org.junit.platform.launcher.core.LauncherConfigurationParameters loadClasspathResource
WARNING: Discovered 2 'junit-platform.properties' configuration files in the classpath; only the first will be used.
дек. 22, 2024 8:32:12 AM org.junit.platform.launcher.core.LauncherConfigurationParameters loadClasspathResource
WARNING: Discovered 2 'junit-platform.properties' configuration files in the classpath; only the first will be used.
дек. 22, 2024 8:32:12 AM org.junit.platform.launcher.core.LauncherConfigurationParameters loadClasspathResource
WARNING: Discovered 2 'junit-platform.properties' configuration files in the classpath; only the first will be used.
дек. 22, 2024 8:32:12 AM org.junit.platform.launcher.core.LauncherConfigurationParameters loadClasspathResource
WARNING: Discovered 2 'junit-platform.properties' configuration files in the classpath; only the first will be used.
дек. 22, 2024 8:32:12 AM org.junit.platform.launcher.core.LauncherConfigurationParameters loadClasspathResource
WARNING: Discovered 2 'junit-platform.properties' configuration files in the classpath; only the first will be used.
дек. 22, 2024 8:32:12 AM org.junit.platform.launcher.core.LauncherConfigurationParameters loadClasspathResource
WARNING: Discovered 2 'junit-platform.properties' configuration files in the classpath; only the first will be used.
дек. 22, 2024 8:32:12 AM org.junit.platform.launcher.core.LauncherConfigurationParameters loadClasspathResource
WARNING: Discovered 2 'junit-platform.properties' configuration files in the classpath; only the first will be used.
дек. 22, 2024 8:32:12 AM org.junit.platform.launcher.core.LauncherConfigurationParameters loadClasspathResource
WARNING: Discovered 2 'junit-platform.properties' configuration files in the classpath; only the first will be used.
]]></system-err>
  </testcase>
</testsuite>